[lootcodes.com/index.html]
[backblue.gif]
[fade.gif]
[index.html]
[browser.sentry-cdn.com/6.4.1/bundle.min.js]
[www.google-analytics.com/analytics.js]
[lootcodes.com/img/bg.html]
[d13pxqgp3ixdbh.cloudfront.net/uploads/1630298536f119d7cd66050db906dcb521cd4cd443.png]
[lootcodes.com/style.html]
[d13pxqgp3ixdbh.cloudfront.net/uploads/163029853918c4f128119f528c56c9509037837824.png]
[d13pxqgp3ixdbh.cloudfront.net/uploads/1630298553267de431bfd54e4172e99994b941a91c.png]
[d13pxqgp3ixdbh.cloudfront.net/uploads/1630298556c8fbcf8305ddd7f5b7d200a07619ce13.png]
[d13pxqgp3ixdbh.cloudfront.net/uploads/1630298549687ce3db4fb8c2e1c27902a1de8ad9a5.png]
[d13pxqgp3ixdbh.cloudfront.net/uploads/1630298553b49440883984986e03681a7dd6745cb2.png]
[d13pxqgp3ixdbh.cloudfront.net/uploads/1630298548d508b356fd5a820b8013d7d09c03c6b0.png]
[d13pxqgp3ixdbh.cloudfront.net/uploads/1630298547c1507636c5b5e760b86ee722dcd058e9.png]
[d13pxqgp3ixdbh.cloudfront.net/uploads/163029854927cd3606aa56ea27f2142c0f763a6aaa.png]
[d13pxqgp3ixdbh.cloudfront.net/uploads/163029855052739991ea6ce738a01c0ae00fe9300b.png]
[d13pxqgp3ixdbh.cloudfront.net/uploads/1630298552af8f104b052da75fd726b4b9be178cb9.png]
[d13pxqgp3ixdbh.cloudfront.net/uploads/1630298551714e3a7347a9292ba46740c843e9c81d.png]
[d13pxqgp3ixdbh.cloudfront.net/uploads/1630298554c9b5b1237162fedcc8b1f1917d0a21ba.png]
[d13pxqgp3ixdbh.cloudfront.net/uploads/1630298554fd4f56e8c5f5660883a5afa289188052.png]
[d13pxqgp3ixdbh.cloudfront.net/uploads/163029855566c7c2bbebe4b3bf3f9d2a43072878eb.png]
[d13pxqgp3ixdbh.cloudfront.net/uploads/1630298562c262b490eb0749751a7f2f97eb8db0e8.png]
[d13pxqgp3ixdbh.cloudfront.net/uploads/161909761701afebe6db914cae0df0e58526ed8013.png]
[lootcodes.com/img/card100.html]
[lootcodes.com/img/card50.html]
[lootcodes.com/img/card25.html]
[d13pxqgp3ixdbh.cloudfront.net/uploads/1620028741ac0af4c693f0d5163d7d849226597c88.png]
[d13pxqgp3ixdbh.cloudfront.net/uploads/162002874683b5c259d46ff6637e01be2b4917ade5.png]
[lootcodes.com/main.html]
[ajax.googleapis.com/ajax/libs/jquery/2.2.4/jquery.min.js]
[d12u7tum9sda5e.cloudfront.net/2d21c4a.js]
[d13pxqgp3ixdbh.cloudfront.net/uploads/1622440662f13b1dbac4347d09938616a1307219b0.png]
[d13pxqgp3ixdbh.cloudfront.net/uploads/1622440661e42246e117e87f626cc7e1cf4399fd60.png]
[d13pxqgp3ixdbh.cloudfront.net/uploads/162244066304099004f26ca2c7435c593064fbca05.png]
[d13pxqgp3ixdbh.cloudfront.net/uploads/16224406646b0427b492790f3a9b9c39c537862b83.png]
[d13pxqgp3ixdbh.cloudfront.net/uploads/16210443669837788bef65c1c6553b3e4e77eb6408.png]
[d13pxqgp3ixdbh.cloudfront.net/uploads/1621044366de3d28432afad67ecad8e923228b6977.png]
[d13pxqgp3ixdbh.cloudfront.net/uploads/16210443678d9c97eb1c9ca3ba5b6221beb932ab94.png]
[d13pxqgp3ixdbh.cloudfront.net/uploads/1621044369f31153814346d62aad833f70d723f312.png]
[d13pxqgp3ixdbh.cloudfront.net/uploads/16210442042dbe26d04699bd445884b90cc92a2308.png]
[d13pxqgp3ixdbh.cloudfront.net/uploads/162104420489f6f445a48e2d996a860dc5e0725187.png]
[d13pxqgp3ixdbh.cloudfront.net/uploads/1621044205ce37f4f7ce8a79c12d7c80a642a5fcc2.png]
[d13pxqgp3ixdbh.cloudfront.net/uploads/1621044206a674fffcab565efc6eca508c26cbf24a.png]
[d13pxqgp3ixdbh.cloudfront.net/uploads/16210439937cc97905c0e4d1ab3d394ca8cf28137a.png]
[d13pxqgp3ixdbh.cloudfront.net/uploads/16210439931f5640ec90fa5429bc8dfa20ed5edf9f.png]
[d13pxqgp3ixdbh.cloudfront.net/uploads/16210439940fab3e7889bef5d96a6b0fef2615df46.png]
[d13pxqgp3ixdbh.cloudfront.net/uploads/162104399513dc6b575dc406255c8eb58ae9b98d90.png]
[d13pxqgp3ixdbh.cloudfront.net/uploads/1621224113c70dfa8ef8e00482d17d50af435db82c.png]
[d13pxqgp3ixdbh.cloudfront.net/uploads/1621224113d5944652dfe11d968a742a80eb5e8db1.png]
[d13pxqgp3ixdbh.cloudfront.net/uploads/16212241143325ccac6272d3632d2a62a027a37452.png]
[d13pxqgp3ixdbh.cloudfront.net/uploads/16212241168a942262c91ddb92783d71e9d47a7e19.png]
[d13pxqgp3ixdbh.cloudfront.net/uploads/16210418147a6a0f0fd946de7d10a7ba0a8e73af79.png]
[d13pxqgp3ixdbh.cloudfront.net/uploads/1621041813fc6741b5720ecec43b582a753f5a0dff.png]
[d13pxqgp3ixdbh.cloudfront.net/uploads/1621041815672c3128aec3c2f9398687c4f38b9ac3.png]
[d13pxqgp3ixdbh.cloudfront.net/uploads/162104181669fb52b9594748b18984da73ab48d595.png]
[d13pxqgp3ixdbh.cloudfront.net/uploads/16210415860261114de6be03a939da3db95bfff249.png]
[d13pxqgp3ixdbh.cloudfront.net/uploads/1621041586a8ad01a1a2ea52f81d2a5ce8f6efea33.png]
[d13pxqgp3ixdbh.cloudfront.net/uploads/162104158764350499d839bc2d85b242b3208c30e7.png]
[d13pxqgp3ixdbh.cloudfront.net/uploads/16210415881f6f6f674e3aa09f7254b7e9f87ee2eb.png]
[d13pxqgp3ixdbh.cloudfront.net/uploads/16210413591bc7b9cda3539b963bf362f261274b50.png]
[d13pxqgp3ixdbh.cloudfront.net/uploads/1621041359aed1e8a44ac9c45615ceff55f320b270.png]
[d13pxqgp3ixdbh.cloudfront.net/uploads/1621041360505b927a1dc56c317fe39a6d0d927a28.png]
[d13pxqgp3ixdbh.cloudfront.net/uploads/1621041361ec995ab7a12b12d7b8c4cdb7a2e4fb7b.png]
[d13pxqgp3ixdbh.cloudfront.net/uploads/1621057174d5972963d21112209fbe668392aa94e1.png]
[d13pxqgp3ixdbh.cloudfront.net/uploads/16210571750f1dd742d0f547b572103a7ff9b50480.png]
[d13pxqgp3ixdbh.cloudfront.net/uploads/1621057177ec080236be73668743a8ebf117bb3f1d.png]
[d13pxqgp3ixdbh.cloudfront.net/uploads/1621236528cd94cfe35e62cbf772e8467c7f3c492a.png]
[d13pxqgp3ixdbh.cloudfront.net/uploads/162002874257f11a39eca91af9d8bd3d06cbdb2201.png]
[d13pxqgp3ixdbh.cloudfront.net/uploads/16200287433c51502a97b88bb6799b7a4efd20cd64.png]
[d13pxqgp3ixdbh.cloudfront.net/uploads/162002874594065ed36a8fdf7d2ef7456ffbdba619.png]
[d13pxqgp3ixdbh.cloudfront.net/uploads/1620033495ea4e337d06ac7be71c7ea4bc552a2b7c.png]
[d13pxqgp3ixdbh.cloudfront.net/uploads/162003349509f5ef7fd2f8aad30e4f618838ba7b73.png]
[d13pxqgp3ixdbh.cloudfront.net/uploads/16200334965787824b128d18c7be05b7c32f345e3e.png]
[d13pxqgp3ixdbh.cloudfront.net/uploads/1620033496bbfbdc9bdb479bdbf28181ca88e33232.png]
[d13pxqgp3ixdbh.cloudfront.net/uploads/162064065998ccc9cb7a7aa07c6922f7ab18e12a92.png]
[d13pxqgp3ixdbh.cloudfront.net/uploads/16206406594e87a5a01172313f683749d4f288a08e.png]
[d13pxqgp3ixdbh.cloudfront.net/uploads/1620640660f6b63c1d0f0a344b71842e02d71a49d9.png]
[d13pxqgp3ixdbh.cloudfront.net/uploads/16206406615617dfc90977eddf816f71e06a8ae6f6.png]
[d13pxqgp3ixdbh.cloudfront.net/uploads/1622444388903124019887e721a0bdb5407eaab2a6.png]
[d13pxqgp3ixdbh.cloudfront.net/uploads/1622444388385b1295078a98486c10dd45521ea17a.png]
[d13pxqgp3ixdbh.cloudfront.net/uploads/1622444389558ffa73ef7dfdb05ff99d1afd0446da.png]
[d13pxqgp3ixdbh.cloudfront.net/uploads/1622444390747af63e1317ee4a0fd99247b8ddc24e.png]
[d13pxqgp3ixdbh.cloudfront.net/uploads/162365766539d35267683262d92c1df15b91c1741b.png]
[d13pxqgp3ixdbh.cloudfront.net/uploads/1623657665118b97e2e6341477d7b579e9743b8eb7.png]
[d13pxqgp3ixdbh.cloudfront.net/uploads/162365766609cbc7a619cd7ad1d4556afa2fcbfcf7.png]
[d13pxqgp3ixdbh.cloudfront.net/uploads/1623653498eb448fcd7c33c15a5670f6b902d03629.png]
[lootcodes.com/index.html]
[lootcodes.com/img/bg.html]
[lootcodes.com/style.html]
[lootcodes.com/img/card100.html]
[lootcodes.com/img/card50.html]
[lootcodes.com/img/card25.html]
[lootcodes.com/main.html]
[lootcodes.com/customTemplateGlobal.html]
[lootcodes.com/customTemplateGlobal.html]
